<?xml version="1.0" encoding="UTF-8"?>
<!-- Generated by org.testng.reporters.JUnitReportReporter -->
<testsuite skipped="0" hostname="DESKTOP-PI222IH" name="com.training.sanity.tests.AdminLoginTest" tests="1" failures="0" timestamp="30 Jan 2020 05:03:54 GMT" time="2.443" errors="0">
  <testcase name="validLoginTest" time="2.443" classname="com.training.sanity.tests.AdminLoginTest"/>
</testsuite> <!-- com.training.sanity.tests.AdminLoginTest -->
